This is pdfTeX, Version 3.141592-1.40.4 (MiKTeX 2.6) (preloaded format=pdflatex 2008.7.17)  6 MAR 2009 12:23
entering extended mode
**imputation.tex
(imputation.tex
LaTeX2e <2005/12/01>
Babel <v3.8l> and hyphenation patterns for english, dumylang, nohyphenation, ge
rman, ngerman, german-x-2008-06-18, ngerman-x-2008-06-18, french, loaded.
("C:\Programme\MiKTeX 2.6\tex\latex\koma-script\scrartcl.cls"
Document Class: scrartcl 2008/11/23 v3.01a KOMA-Script document class (article)

("C:\Programme\MiKTeX 2.6\tex\latex\koma-script\scrkbase.sty"
Package: scrkbase 2008/11/23 v3.01a KOMA-Script package (KOMA-Script-dependent 
basics and keyval usage)

("C:\Programme\MiKTeX 2.6\tex\latex\koma-script\scrbase.sty"
Package: scrbase 2008/11/23 v3.01a KOMA-Script package (KOMA-Script-independent
 basics and keyval usage)

("C:\Programme\MiKTeX 2.6\tex\latex\graphics\keyval.sty"
Package: keyval 1999/03/16 v1.13 key=value parser (DPC)
\KV@toks@=\toks14
)
("C:\Programme\MiKTeX 2.6\tex\latex\koma-script\scrlfile.sty"
Package: scrlfile 2008/07/09 v3.00 KOMA-Script package (loading files)

Package scrlfile, 2008/07/09 v3.00 KOMA-Script package (loading files)
                  Copyright (C) Markus Kohm

))) ("C:\Programme\MiKTeX 2.6\tex\latex\koma-script\tocbasic.sty"
Package: tocbasic 2008/11/13 v3.01(package)
)
Package tocbasic Info: omitting babel extension for `toc'
(tocbasic)             because of feature `nobabel' available
(tocbasic)             for `toc' on input line 112.
Package tocbasic Info: omitting babel extension for `lof'
(tocbasic)             because of feature `nobabel' available
(tocbasic)             for `lof' on input line 113.
Package tocbasic Info: omitting babel extension for `lot'
(tocbasic)             because of feature `nobabel' available
(tocbasic)             for `lot' on input line 114.
Class scrartcl Info: File `scrsize11pt.clo' used instead of
(scrartcl)           file `scrsize11.clo' to setup font sizes on input line 115
5.

("C:\Programme\MiKTeX 2.6\tex\latex\koma-script\scrsize11pt.clo"
File: scrsize11pt.clo 2008/11/23 v3.01a KOMA-Script font size class option (11p
t)
)
("C:\Programme\MiKTeX 2.6\tex\latex\koma-script\typearea.sty"
Package: typearea 2008/11/23 v3.01a KOMA-Script package (type area)

Package typearea, 2008/11/23 v3.01a KOMA-Script package (type area)
                  Copyright (C) Frank Neukam, 1992-1994
                  Copyright (C) Markus Kohm, 1994-

\ta@bcor=\skip41
\ta@div=\count79
\ta@hblk=\skip42
\ta@vblk=\skip43
\ta@temp=\skip44
Package typearea Info: These are the values describing the layout:
(typearea)             DIV  = 10
(typearea)             BCOR = 0.0pt
(typearea)             \paperwidth      = 597.50793pt
(typearea)              \textwidth      = 418.25555pt
(typearea)              DIV departure   = -6%
(typearea)              \evensidemargin = 17.3562pt
(typearea)              \oddsidemargin  = 17.3562pt
(typearea)             \paperheight     = 845.04694pt
(typearea)              \textheight     = 595.80026pt
(typearea)              \topmargin      = -25.16531pt
(typearea)              \headheight     = 17.0pt
(typearea)              \headsep        = 20.40001pt
(typearea)              \topskip        = 11.0pt
(typearea)              \footskip       = 47.60002pt
(typearea)              \baselineskip   = 13.6pt
(typearea)              on input line 957.
)
\c@part=\count80
\c@section=\count81
\c@subsection=\count82
\c@subsubsection=\count83
\c@paragraph=\count84
\c@subparagraph=\count85
\abovecaptionskip=\skip45
\belowcaptionskip=\skip46
\c@pti@nb@sid@b@x=\box26
\c@figure=\count86
\c@table=\count87
\bibindent=\dimen102
) ("C:\Programme\MiKTeX 2.6\tex\latex\hyperref\hyperref.sty"
Package: hyperref 2008/07/05 v6.77v Hypertext links for LaTeX

("C:\Programme\MiKTeX 2.6\tex\latex\oberdiek\hycolor.sty"
Package: hycolor 2007/04/11 v1.1 Code for color options of hyperref/bookmark (H
O)
)
\@linkdim=\dimen103
\Hy@linkcounter=\count88
\Hy@pagecounter=\count89

("C:\Programme\MiKTeX 2.6\tex\latex\hyperref\pd1enc.def"
File: pd1enc.def 2008/07/05 v6.77v Hyperref: PDFDocEncoding def