This is pdfTeX, Version 3.141592-1.40.4 (MiKTeX 2.6) (preloaded format=pdflatex 2008.7.17)  12 MAR 2009 16:07
entering extended mode
**normalityAD.tex
(normalityAD.tex
LaTeX2e <2005/12/01>
Babel <v3.8l> and hyphenation patterns for english, dumylang, nohyphenation, ge
rman, ngerman, german-x-2008-06-18, ngerman-x-2008-06-18, french, loaded.
("C:\Programme\MiKTeX 2.6\tex\latex\koma-script\scrartcl.cls"
Document Class: scrartcl 2008/11/23 v3.01a KOMA-Script document class (article)

("C:\Programme\MiKTeX 2.6\tex\latex\koma-script\scrkbase.sty"
Package: scrkbase 2008/11/23 v3.01a KOMA-Script package (KOMA-Script-dependent 
basics and keyval usage)

("C:\Programme\MiKTeX 2.6\tex\latex\koma-script\scrbase.sty"
Package: scrbase 2008/11/23 v3.01a KOMA-Script package (KOMA-Script-independent
 basics and keyval usage)

("C:\Programme\MiKTeX 2.6\tex\latex\graphics\keyval.sty"
Package: keyval 1999/03/16 v1.13 key=value parser (DPC)
\KV@toks@=\toks14
)
("C:\Programme\MiKTeX 2.6\tex\latex\koma-script\scrlfile.sty"
Package: scrlfile 2008/07/09 v3.00 KOMA-Script package (loading files)

Package scrlfile, 2008/07/09 v3.00 KOMA-Script package (loading files)
                  Copyright (C) Markus Kohm

))) ("C:\Programme\MiKTeX 2.6\tex\latex\koma-script\tocbasic.sty"
Package: tocbasic 2008/11/13 v3.01(package)
)
Package tocbasic Info: omitting babel extension for `toc'
(tocbasic)             because of feature `nobabel' available
(tocbasic)             for `toc' on input line 112.
Package tocbasic Info: omitting babel extension for `lof'
(tocbasic)             because of feature `nobabel' available
(tocbasic)             for `lof' on input line 113.
Package tocbasic Info: omitting babel extension for `lot'
(tocbasic)             because of feature `nobabel' available
(tocbasic)             for `lot' on input line 114.
Class scrartcl Info: File `scrsize11pt.clo' used instead of
(scrartcl)           file `scrsize11.clo' to setup font sizes on input line 115
5.

("C:\Programme\MiKTeX 2.6\tex\latex\koma-script\scrsize11pt.clo"
File: scrsize11pt.clo 2008/11/23 v3.01a KOMA-Script font size class option (11p
t)
)
("C:\Programme\MiKTeX 2.6\tex\latex\koma-script\typearea.sty"
Package: typearea 2008/11/23 v3.01a KOMA-Script package (type area)

Package typearea, 2008/11/23 v3.01a KOMA-Script package (type area)
                  Copyright (C) Frank Neukam, 1992-1994
                  Copyright (C) Markus Kohm, 1994-

\ta@bcor=\skip41
\ta@div=\count79
\ta@hblk=\skip42
\ta@vblk=\skip43
\ta@temp=\skip44
Package typearea Info: These are the values describing the layout:
(typearea)             DIV  = 10
(typearea)             BCOR = 0.0pt
(typearea)             \paperwidth      = 597.50793pt
(typearea)              \textwidth      = 418.25555pt
(typearea)              DIV departure   = -6%
(typearea)              \evensidemargin = 17.3562pt
(typearea)              \oddsidemargin  = 17.3562pt
(typearea)             \paperheight     = 845.04694pt
(typearea)              \textheight     = 595.80026pt
(typearea)              \topmargin      = -25.16531pt
(typearea)              \headheight     = 17.0pt
(typearea)              \headsep        = 20.40001pt
(typearea)              \topskip        = 11.0pt
(typearea)              \footskip       = 47.60002pt
(typearea)              \baselineskip   = 13.6pt
(typearea)              on input line 957.
)
\c@part=\count80
\c@section=\count81
\c@subsection=\count82
\c@subsubsection=\count83
\c@paragraph=\count84
\c@subparagraph=\count85
\abovecaptionskip=\skip45
\belowcaptionskip=\skip46
\c@pti@nb@sid@b@x=\box26
\c@figure=\count86
\c@table=\count87
\bibindent=\dimen102
) ("C:\Programme\MiKTeX 2.6\tex\latex\hyperref\hyperref.sty"
Package: hyperref 2008/07/05 v6.77v Hypertext links for LaTeX

("C:\Programme\MiKTeX 2.6\tex\latex\oberdiek\hycolor.sty"
Package: hycolor 2007/04/11 v1.1 Code for color options of hyperref/bookmark (H
O)
)
\@linkdim=\dimen103
\Hy@linkcounter=\count88
\Hy@pagecounter=\count89

("C:\Programme\MiKTeX 2.6\tex\latex\hyperref\pd1enc.def"
File: pd1enc.def 2008/07/05 v6.77v Hyperref: PDFDocEncoding definition (HO)
)
("C:\Programme\MiKTeX 2.6\tex\generic\oberdiek\etexcmds.sty"
Package: etexcmds 2007/12/12 v1.2 Prefix for e-TeX command names (HO)

("C:\Programme\MiKTeX 2.6\tex\generic\oberdiek\infwarerr.sty"
Package: infwarerr 2007/09/09 v1.2 Providing info/warning/message (HO)
)
Package etexcmds Info: Could not find \expanded.
(etexcmds)             That can mean that you are not using pdfTeX 1.50 or
(etexcmds)             that some package has redefined \expanded.
(etexcmds)             In the latter case, load this package earlier.
)
("C:\Programme\MiKTeX 2.6\tex\latex\00miktex\hyperref.cfg"
File: hyperref.cfg 2002/06/06 v1.2 hyperref configuration of TeXLive
)
("C:\Programme\MiKTeX 2.6\tex\latex\oberdiek\kvoptions.sty"
Package: kvoptions 2007/10/18 v3.0 Keyval support for LaTeX options (HO)
)
Package hyperref Info: Hyper figures OFF on input line 2892.
Package hyperref Info: Link nesting OFF on input line 2897.
Package hyperref Info: Hyper index ON on input line 2900.
Package hyperref Info: Plain pages OFF on input line 2907.
Package hyperref Info: Backreferencing OFF on input line 2912.

Implicit mode ON; LaTeX internals redefined
Package hyperref Info: Bookmarks ON on input line 3071.
("C:\Programme\MiKTeX 2.6\tex\latex\ltxmisc\url.sty"
\Urlmuskip=\muskip10
Package: url 2006/04/12  ver 3.3  Verb mode for urls, etc.
)
LaTeX Info: Redefining \url on input line 3255.

("C:\Programme\MiKTeX 2.6\tex\generic\oberdiek\bitset.sty"
Package: bitset 2007/09/28 v1.0 Data type bit set (HO)

("C:\Programme\MiKTeX 2.6\tex\generic\oberdiek\intcalc.sty"
Package: intcalc 2007/09/27 v1.1 Expandable integer calculations (HO)
)
("C:\Programme\MiKTeX 2.6\tex\generic\oberdiek\bigintcalc.sty"
Package: bigintcalc 2007/11/11 v1.1 Expandable big integer calculations (HO)

("C:\Programme\MiKTeX 2.6\tex\generic\oberdiek\pdftexcmds.sty"
Package: pdftexcmds 2007/12/12 v0.3 LuaTeX support for pdfTeX utility functions
 (HO)
Package pdftexcmds Info: LuaTeX not detected on input line 139.
)))
("C:\Programme\MiKTeX 2.6\tex\generic\oberdiek\kvsetkeys.sty"
Package: kvsetkeys 2007/09/29 v1.3 Key value parser with default handler suppor
t (HO)
)
\Fld@menulength=\count90
\Field@Width=\dimen104
\Fld@charsize=\dimen105
\Field@toks=\toks15
Package hyperref Info: Hyper figures OFF on input line 4172.
Package hyperref Info: Link nesting OFF on input line 4177.
Package hyperref Info: Hyper index ON on input line 4180.
Package hyperref Info: backreferencing OFF on input line 4187.
Package hyperref Info: Link coloring OFF on input line 4192.
Package hyperref Info: Link coloring with OCG OFF on input line 4197.
Package hyperref Info: PDF/A mode OFF on input line 4202.

("C:\Programme\MiKTeX 2.6\tex\generic\oberdiek\atbegshi.sty"
Package: atbegshi 2007/09/09 v1.6 At begin shipout hook (HO)

("C:\Programme\MiKTeX 2.6\tex\generic\oberdiek\ifpdf.sty"
Package: ifpdf 2007/12/12 v1.6 Provides the ifpdf switch (HO)
Package ifpdf Info: pdfTeX in pdf mode detected.
))
\Hy@abspage=\count91
\c@Item=\count92
\c@Hfootnote=\count93
)
*hyperref using driver hpdftex*
("C:\Programme\MiKTeX 2.6\tex\latex\hyperref\hpdftex.def"
File: hpdftex.def 2008/07/05 v6.77v Hyperref driver for pdfTeX
\Fld@listcount=\count94
)
("C:\Programme\MiKTeX 2.6\tex\latex\amsfonts\amssymb.sty"
Package: amssymb 2002/01/22 v2.2d

("C:\Programme\MiKTeX 2.6\tex\latex\amsfonts\amsfonts.sty"
Package: amsfonts 2001/10/25 v2.2f
\@emptytoks=\toks16
\symAMSa=\mathgroup4
\symAMSb=\mathgroup5
LaTeX Font Info:    Overwriting math alphabet `\mathfrak' in version `bold'
(Font)                  U/euf/m/n --> U/euf/b/n on input line 132.
))
("C:\Programme\MiKTeX 2.6\tex\latex\natbib\natbib.sty"
Package: natbib 2007/10/30 8.1 (PWD)
\bibhang=\skip47
\bibsep=\skip48
LaTeX Info: Redefining \cite on input line 602.
\c@NAT@ctr=\count95
)
("C:\Programme\MiKTeX 2.6\tex\latex\graphics\graphicx.sty"
Package: graphicx 1999/02/16 v1.0f Enhanced LaTeX Graphics (DPC,SPQR)

("C:\Programme\MiKTeX 2.6\tex\latex\graphics\graphics.sty"
Package: graphics 2006/02/20 v1.0o Standard LaTeX Graphics (DPC,SPQR)

("C:\Programme\MiKTeX 2.6\tex\latex\graphics\trig.sty"
Package: trig 1999/03/16 v1.09 sin cos tan (DPC)
)
("C:\Programme\MiKTeX 2.6\tex\latex\00miktex\graphics.cfg"
File: graphics.cfg 2007/01/18 v1.5 graphics configuration of teTeX/TeXLive
)
Package graphics Info: Driver file: pdftex.def on input line 90.

("C:\Programme\MiKTeX 2.6\tex\latex\graphics\pdftex.def"
File: pdftex.def 2007/06/12 v0.04h Graphics/color for pdfTeX
\Gread@gobject=\count96
))
\Gin@req@height=\dimen106
\Gin@req@width=\dimen107
)
Package hyperref Info: Option `colorlinks' set `true' on input line 11.

("C:\Programme\MiKTeX 2.6\tex\latex\base\latexsym.sty"
Package: latexsym 1998/08/17 v2.2e Standard LaTeX package (lasy symbols)
\symlasy=\mathgroup6
LaTeX Font Info:    Overwriting symbol font `lasy' in version `bold'
(Font)                  U/lasy/m/n --> U/lasy/b/n on input line 47.
) (normalityAD.aux)
LaTeX Font Info:    Checking defaults for OML/cmm/m/it on input line 52.
LaTeX Font Info:    ... okay on input line 52.
LaTeX Font Info:    Checking defaults for T1/cmr/m/n on input line 52.
LaTeX Font Info:    ... okay on input line 52.
LaTeX Font Info:    Checking defaults for OT1/cmr/m/n on input line 52.
LaTeX Font Info:    ... okay on input line 52.
LaTeX Font Info:    Checking defaults for OMS/cmsy/m/n on input line 52.
LaTeX Font Info:    ... okay on input line 52.
LaTeX Font Info:    Checking defaults for OMX/cmex/m/n on input line 52.
LaTeX Font Info:    ... okay on input line 52.
LaTeX Font Info:    Checking defaults for U/cmr/m/n on input line 52.
LaTeX Font Info:    ... okay on input line 52.
LaTeX Font Info:    Checking defaults for PD1/pdf/m/n on input line 52.
LaTeX Font Info:    ... okay on input line 52.

("C:\Programme\MiKTeX 2.6\tex\latex\graphics\color.sty"
Package: color 2005/11/14 v1.0j Standard LaTeX Color (DPC)

("C:\Programme\MiKTeX 2.6\tex\latex\00miktex\color.cfg"
File: color.cfg 2007/01/18 v1.5 color configuration of teTeX/TeXLive
)
Package color Info: Driver file: pdftex.def on input line 130.
)
Package hyperref Info: Link coloring ON on input line 52.

("C:\Programme\MiKTeX 2.6\tex\latex\hyperref\nameref.sty"
Package: nameref 2007/05/29 v2.31 Cross-referencing by name of section

("C:\Programme\MiKTeX 2.6\tex\latex\oberdiek\refcount.sty"
Package: refcount 2006/02/20 v3.0 Data extraction from references (HO)
)
\c@section@level=\count97
)
LaTeX Info: Redefining \ref on input line 52.
LaTeX Info: Redefining \pageref on input line 52.
 (normalityAD.out)
(normalityAD.out)
\@outlinefile=\write3
\AtBeginShipoutBox=\box27
 ("C:\Programme\MiKTeX 2.6\tex\context\base\supp-pdf.tex"
[Loading MPS to PDF converter (version 2006.09.02).]
\scratchcounter=\count98
\scratchdimen=\dimen108
\scratchbox=\box28
\nofMPsegments=\count99
\nofMParguments=\count100
\everyMPshowfont=\toks17
\MPscratchCnt=\count101
\MPscratchDim=\dimen109
\MPnumerator=\count102
\everyMPtoPDFconversion=\toks18
)
LaTeX Font Info:    Font shape `OT1/cmtt/bx/n' in size <17.28> not available
(Font)              Font shape `OT1/cmtt/m/n' tried instead on input line 61.
LaTeX Font Info:    Try loading font information for U+msa on input line 65.
 ("C:\Programme\MiKTeX 2.6\tex\latex\amsfonts\umsa.fd"
File: umsa.fd 2002/01/19 v2.2g AMS font definitions
)
LaTeX Font Info:    Try loading font information for U+msb on input line 65.

("C:\Programme\MiKTeX 2.6\tex\latex\amsfonts\umsb.fd"
File: umsb.fd 2002/01/19 v2.2g AMS font definitions
)
LaTeX Font Info:    Try loading font information for U+lasy on input line 65.

("C:\Programme\MiKTeX 2.6\tex\latex\base\ulasy.fd"
File: ulasy.fd 1998/08/17 v2.2e LaTeX symbol font definitions
)
Underfull \hbox (badness 10000) in paragraph at lines 87--101

 []

[1

{psfonts.map}]
LaTeX Font Info:    Font shape `U/lasy/b/n' in size <8> not available
(Font)              Font shape `U/lasy/m/n' tried instead on input line 150.
LaTeX Font Info:    Font shape `U/lasy/b/n' in size <6> not available
(Font)              Font shape `U/lasy/m/n' tried instead on input line 150.
 [2]
LaTeX Font Info:    Font shape `OT1/cmtt/bx/n' in size <14.4> not available
(Font)              Font shape `OT1/cmtt/m/n' tried instead on input line 226.
 [3]
Overfull \hbox (23.83742pt too wide) in paragraph at lines 251--258
\OT1/cmtt/m/n/10.95 test <- adtestWrapper(x,alpha=0.01,R=10000)\OT1/cmr/m/n/10.
95 . As a rec-om-mended de-fault, \OT1/cmtt/m/n/10.95 alpha=0.05
 []

[4] [5] <bxp.pdf, id=124, 505.89pt x 505.89pt>
File: bxp.pdf Graphic file (type pdf)
 <use bxp.pdf> [6 <bxp.pdf>]
(normalityAD.bbl) [7] (normalityAD.aux) ) 
Here is how much of TeX's memory you used:
 5691 strings out of 95245
 79225 string characters out of 1183631
 160549 words of memory out of 1157449
 8634 multiletter control sequences out of 60000
 16920 words of font info for 69 fonts, out of 1000000 for 2000
 14 hyphenation exceptions out of 8191
 40i,7n,36p,302b,395s stack positions out of 5000i,500n,10000p,200000b,32768s
<C:/Programme/MiKTeX 2.6/fonts/type1/b
luesky/cm/cmbx10.pfb><C:/Programme/MiKTeX 2.6/fonts/type1/bluesky/cm/cmbx12.pfb
><C:/Programme/MiKTeX 2.6/fonts/type1/bluesky/cm/cmmi10.pfb><C:/Programme/MiKTe
X 2.6/fonts/type1/bluesky/cm/cmmi8.pfb><C:/Programme/MiKTeX 2.6/fonts/type1/blu
esky/cm/cmmib10.pfb><C:/Programme/MiKTeX 2.6/fonts/type1/bluesky/cm/cmr10.pfb><
C:/Programme/MiKTeX 2.6/fonts/type1/bluesky/cm/cmr8.pfb><C:/Programme/MiKTeX 2.
6/fonts/type1/bluesky/cm/cmssbx10.pfb><C:/Programme/MiKTeX 2.6/fonts/type1/blue
sky/cm/cmsy10.pfb><C:/Programme/MiKTeX 2.6/fonts/type1/bluesky/cm/cmsy7.pfb><C:
/Programme/MiKTeX 2.6/fonts/type1/bluesky/cm/cmsy8.pfb><C:/Programme/MiKTeX 2.6
/fonts/type1/bluesky/cm/cmti10.pfb><C:/Programme/MiKTeX 2.6/fonts/type1/bluesky
/cm/cmtt10.pfb><C:/Programme/MiKTeX 2.6/fonts/type1/bluesky/cm/cmtt12.pfb><C:/P
rogramme/MiKTeX 2.6/fonts/type1/bluesky/ams/msbm10.pfb>
Output written on normalityAD.pdf (7 pages, 129115 bytes).
PDF statistics:
 209 PDF objects out of 300000 (max. 8388607)
 29 named destinations out of 300000 (max. 131072)
 70 words of extra memory for PDF output out of 65536 (max. 10000000)

